<?xml version="1.0" encoding="UTF-8"?>
<!-- Generated by org.testng.reporters.JUnitXMLReporter -->
<testsuite hostname="shadmans-mbp.lan" ignored="0" name="SecondTest" tests="1" failures="1" timestamp="22 Oct 2018 21:09:59 GMT" time="0.024" errors="0">
  <testcase name="loginTestB" time="0.004" classname="com.dunkin.TestB">
    <failure type="java.lang.AssertionError" message="expected [true] but found [false]">
      <![CDATA[java.lang.AssertionError: expected [true] but found [false]at com.dunkin.TestB.loginTestB(TestB.java:15)... Removed 29 stack frames]]>
    </failure>
  </testcase> <!-- loginTestB -->
</testsuite> <!-- SecondTest -->
