<?xml version="1.0" encoding="UTF-8"?>
<!-- Generated by org.testng.reporters.JUnitXMLReporter -->
<testsuite hostname="shadmans-mbp.lan" ignored="0" name="TestB" tests="1" failures="1" timestamp="24 Oct 2018 22:37:04 GMT" time="0.012" errors="0">
  <testcase name="loginTestB" time="0.003" classname="com.dunkin.TestB">
    <failure type="java.lang.AssertionError" message="expected [true] but found [false]">
      <![CDATA[java.lang.AssertionError: expected [true] but found [false]at com.dunkin.TestB.loginTestB(TestB.java:15)... Removed 29 stack frames]]>
    </failure>
  </testcase> <!-- loginTestB -->
</testsuite> <!-- TestB -->
