<?xml version="1.0" encoding="UTF-8"?>
<!-- Generated by org.testng.reporters.JUnitXMLReporter -->
<testsuite hostname="shadmans-mbp.lan" ignored="0" name="ThirdTest" tests="1" failures="1" timestamp="22 Oct 2018 21:09:59 GMT" time="0.017" errors="0">
  <testcase name="loginTestC" time="0.002" classname="com.dunkin.TestC">
    <failure type="java.lang.AssertionError" message="expected [true] but found [false]">
      <![CDATA[java.lang.AssertionError: expected [true] but found [false]at com.dunkin.TestC.loginTestC(TestC.java:15)... Removed 29 stack frames]]>
    </failure>
  </testcase> <!-- loginTestC -->
</testsuite> <!-- ThirdTest -->
